DomoticArg/app/build/outputs/logs/manifest-merger-release-report.txt
-- Merging decision tree log ---
manifest
ADDED from src\main\AndroidManifest.xml:2:1-26:12
INJECTED from src\main\AndroidManifest.xml:2:1-26:12
INJECTED from src\main\AndroidManifest.xml:2:1-26:12
INJECTED from src\main\AndroidManifest.xml:2:1-26:12
MERGED from [com.android.support:design:26.1.0] AndroidManifest.xml:17:1-31:12
MERGED from [com.google.android.gms:play-services:11.4.0] AndroidManifest.xml:2:1-6:12
MERGED from [com.google.android.gms:play-services-cast-framework:11.4.0] AndroidManifest.xml:2:1-9:12
MERGED from [com.google.android.gms:play-services-cast:11.4.0] AndroidManifest.xml:16:1-19:12
MERGED from [com.android.support:mediarouter-v7:25.2.0] AndroidManifest.xml:17:1-24:12
MERGED from [com.android.support:appcompat-v7:26.1.0] AndroidManifest.xml:17:1-31:12
MERGED from [com.android.support.constraint:constraint-layout:1.0.2] AndroidManifest.xml:2:1-11:12
MERGED from [com.google.firebase:firebase-core:11.4.0] AndroidManifest.xml:2:1-6:12
MERGED from [com.google.firebase:firebase-database:11.4.0] AndroidManifest.xml:2:1-4:12
MERGED from [com.android.support:multidex:1.0.2] AndroidManifest.xml:17:1-22:12
MERGED from [com.android.support:recyclerview-v7:26.1.0] AndroidManifest.xml:17:1-28:12
MERGED from [com.android.support:transition:26.1.0] AndroidManifest.xml:17:1-28:12
MERGED from [com.google.android.gms:play-services-ads:11.4.0] AndroidManifest.xml:16:1-18:12
MERGED from [com.google.android.gms:play-services-ads-lite:11.4.0] AndroidManifest.xml:16:1-27:12
MERGED from [com.google.android.gms:play-services-analytics:11.4.0] AndroidManifest.xml:16:1-33:12
MERGED from [com.google.android.gms:play-services-tagmanager:11.4.0] AndroidManifest.xml:16:1-18:12
MERGED from [com.google.android.gms:play-services-tagmanager-v4-impl:11.4.0] AndroidManifest.xml:16:1-20:12
MERGED from [com.google.android.gms:play-services-analytics-impl:11.4.0] AndroidManifest.xml:16:1-27:12
MERGED from [com.google.android.gms:play-services-appinvite:11.4.0] AndroidManifest.xml:16:1-27:12
MERGED from [com.google.android.gms:play-services-auth:11.4.0] AndroidManifest.xml:16:1-26:12
MERGED from [com.google.android.gms:play-services-auth-api-phone:11.4.0] AndroidManifest.xml:2:1-4:12
MERGED from [com.google.android.gms:play-services-auth-base:11.4.0] AndroidManifest.xml:2:1-5:12
MERGED from [com.google.firebase:firebase-config:11.4.0] AndroidManifest.xml:16:1-19:12
MERGED from [com.google.android.gms:play-services-awareness:11.4.0] AndroidManifest.xml:16:1-19:12
MERGED from [com.google.android.gms:play-services-games:11.4.0] AndroidManifest.xml:16:1-19:12
MERGED from [com.google.android.gms:play-services-drive:11.4.0] AndroidManifest.xml:16:1-19:12
MERGED from [com.google.android.gms:play-services-fido:11.4.0] AndroidManifest.xml:2:1-7:12
MERGED from [com.google.firebase:firebase-auth:11.4.0] AndroidManifest.xml:16:1-21:12
MERGED from [com.google.firebase:firebase-dynamic-links:11.4.0] AndroidManifest.xml:2:1-6:12
MERGED from [com.google.android.gms:play-services-fitness:11.4.0] AndroidManifest.xml:16:1-19:12
MERGED from [com.google.android.gms:play-services-gcm:11.4.0] AndroidManifest.xml:16:1-24:12
MERGED from [com.google.firebase:firebase-appindexing:11.4.0] AndroidManifest.xml:16:1-19:12
MERGED from [com.google.android.gms:play-services-wallet:11.4.0] AndroidManifest.xml:16:1-20:12
MERGED from [com.google.android.gms:play-services-identity:11.4.0] AndroidManifest.xml:16:1-19:12
MERGED from [com.google.android.gms:play-services-iid:11.4.0] AndroidManifest.xml:16:1-24:12
MERGED from [com.google.android.gms:play-services-instantapps:11.4.0] AndroidManifest.xml:2:1-4:12
MERGED from [com.google.android.gms:play-services-location:11.4.0] AndroidManifest.xml:2:1-5:12
MERGED from [com.google.android.gms:play-services-places:11.4.0] AndroidManifest.xml:16:1-19:12
MERGED from [com.google.android.gms:play-services-maps:11.4.0] AndroidManifest.xml:16:1-25:12
MERGED from [com.google.android.gms:play-services-nearby:11.4.0] AndroidManifest.xml:2:1-6:12
MERGED from [com.google.android.gms:play-services-panorama:11.4.0] AndroidManifest.xml:16:1-19:12
MERGED from [com.google.android.gms:play-services-plus:11.4.0] AndroidManifest.xml:16:1-19:12
MERGED from [com.google.android.gms:play-services-safetynet:11.4.0] AndroidManifest.xml:16:1-19:12
MERGED from [com.google.android.gms:play-services-vision:11.4.0] AndroidManifest.xml:2:1-5:12
MERGED from [com.google.android.gms:play-services-vision-common:11.4.0] AndroidManifest.xml:2:1-5:12
MERGED from [com.google.android.gms:play-services-wearable:11.4.0] AndroidManifest.xml:16:1-19:12
MERGED from [com.google.android.gms:play-services-base:11.4.0] AndroidManifest.xml:16:1-21:12
MERGED from [com.google.firebase:firebase-crash:11.4.0] AndroidManifest.xml:16:1-25:12
MERGED from [com.google.firebase:firebase-database-connection:11.4.0] AndroidManifest.xml:2:1-4:12
MERGED from [com.google.firebase:firebase-messaging:11.4.0] AndroidManifest.xml:16:1-30:12
MERGED from [com.google.android.gms:play-services-tagmanager-api:11.4.0] AndroidManifest.xml:16:1-34:12
MERGED from [com.google.firebase:firebase-analytics:11.4.0] AndroidManifest.xml:16:1-35:12
MERGED from [com.google.firebase:firebase-analytics-impl:11.4.0] AndroidManifest.xml:16:1-29:12
MERGED from [com.google.firebase:firebase-iid:11.4.0] AndroidManifest.xml:16:1-50:12
MERGED from [com.google.firebase:firebase-storage:11.4.0] AndroidManifest.xml:2:1-4:12
MERGED from [com.google.firebase:firebase-storage-common:11.4.0] AndroidManifest.xml:2:1-4:12
MERGED from [com.google.firebase:firebase-common:11.4.0] AndroidManifest.xml:2:1-8:12
MERGED from [com.google.android.gms:play-services-gass:11.4.0] AndroidManifest.xml:2:1-5:12
MERGED from [com.google.android.gms:play-services-tasks:11.4.0] AndroidManifest.xml:2:1-5:12
MERGED from [com.google.android.gms:play-services-basement:11.4.0] AndroidManifest.xml:16:1-23:12
MERGED from [com.android.support:support-v4:26.1.0] AndroidManifest.xml:17:1-31:12
MERGED from [com.android.support:support-fragment:26.1.0] AndroidManifest.xml:17:1-31:12
MERGED from [com.android.support:animated-vector-drawable:26.1.0] AndroidManifest.xml:17:1-28:12
MERGED from [com.android.support:support-core-ui:26.1.0] AndroidManifest.xml:17:1-31:12
MERGED from [com.android.support:support-media-compat:26.1.0] AndroidManifest.xml:17:1-31:12
MERGED from [com.android.support:support-vector-drawable:26.1.0] AndroidManifest.xml:17:1-28:12
MERGED from [com.android.support:palette-v7:25.2.0] AndroidManifest.xml:17:1-25:12
MERGED from [com.android.support:support-core-utils:26.1.0] AndroidManifest.xml:17:1-31:12
MERGED from [com.android.support:support-compat:26.1.0] AndroidManifest.xml:17:1-31:12
MERGED from [android.arch.lifecycle:runtime:1.0.0] AndroidManifest.xml:17:1-30:12
INJECTED from src\main\AndroidManifest.xml:2:1-26:12
INJECTED from src\main\AndroidManifest.xml:2:1-26:12
INJECTED from src\main\AndroidManifest.xml:2:1-26:12
	package
		ADDED from src\main\AndroidManifest.xml:3:5-37
		INJECTED from src\main\AndroidManifest.xml
		INJECTED from src\main\AndroidManifest.xml
	android:versionName
		INJECTED from src\main\AndroidManifest.xml
		ADDED from src\main\AndroidManifest.xml:2:1-26:12
		INJECTED from src\main\AndroidManifest.xml
	android:versionCode
		INJECTED from src\main\AndroidManifest.xml
		ADDED from src\main\AndroidManifest.xml:2:1-26:12
		INJECTED from src\main\AndroidManifest.xml
	xmlns:android
		ADDED from src\main\AndroidManifest.xml:2:11-69
uses-permission#android.permission.CAMERA
ADDED from src\main\AndroidManifest.xml:5:5-65
	android:name
		ADDED from src\main\AndroidManifest.xml:5:22-62
application
ADDED from src\main\AndroidManifest.xml:7:5-24:19
MERGED from [com.android.support:design:26.1.0] AndroidManifest.xml:25:5-29:19
MERGED from [com.android.support:design:26.1.0] AndroidManifest.xml:25:5-29:19
MERGED from [com.google.android.gms:play-services:11.4.0] AndroidManifest.xml:5:5-20
MERGED from [com.google.android.gms:play-services:11.4.0] AndroidManifest.xml:5:5-20
MERGED from [com.google.android.gms:play-services-cast-framework:11.4.0] AndroidManifest.xml:4:5-8:19
MERGED from [com.google.android.gms:play-services-cast-framework:11.4.0] AndroidManifest.xml:4:5-8:19
MERGED from [com.google.android.gms:play-services-cast:11.4.0] AndroidManifest.xml:18:5-19
MERGED from [com.google.android.gms:play-services-cast:11.4.0] AndroidManifest.xml:18:5-19
MERGED from [com.android.support:mediarouter-v7:25.2.0] AndroidManifest.xml:22:5-20
MERGED from [com.android.support:mediarouter-v7:25.2.0] AndroidManifest.xml:22:5-20
MERGED from [com.android.support:appcompat-v7:26.1.0] AndroidManifest.xml:25:5-29:19
MERGED from [com.android.support:appcompat-v7:26.1.0] AndroidManifest.xml:25:5-29:19
MERGED from [com.android.support.constraint:constraint-layout:1.0.2] AndroidManifest.xml:9:5-20
MERGED from [com.android.support.constraint:constraint-layout:1.0.2] AndroidManifest.xml:9:5-20
MERGED from [com.google.firebase:firebase-core:11.4.0] AndroidManifest.xml:5:5-20
MERGED from [com.google.firebase:firebase-core:11.4.0] AndroidManifest.xml:5:5-20
MERGED from [com.android.support:recyclerview-v7:26.1.0] AndroidManifest.xml:22:5-26:19
MERGED from [com.android.support:recyclerview-v7:26.1.0] AndroidManifest.xml:22:5-26:19
MERGED from [com.android.support:transition:26.1.0] AndroidManifest.xml:22:5-26:19
MERGED from [com.android.support:transition:26.1.0] AndroidManifest.xml:22:5-26:19
MERGED from [com.google.android.gms:play-services-ads-lite:11.4.0] AndroidManifest.xml:23:5-26:19
MERGED from [com.google.android.gms:play-services-ads-lite:11.4.0] AndroidManifest.xml:23:5-26:19
MERGED from [com.google.android.gms:play-services-analytics:11.4.0] AndroidManifest.xml:26:5-31:19
MERGED from [com.google.android.gms:play-services-analytics:11.4.0] AndroidManifest.xml:26:5-31:19
MERGED from [com.google.android.gms:play-services-tagmanager-v4-impl:11.4.0] AndroidManifest.xml:19:5-19
MERGED from [com.google.android.gms:play-services-tagmanager-v4-impl:11.4.0] AndroidManifest.xml:19:5-19
MERGED from [com.google.android.gms:play-services-analytics-impl:11.4.0] AndroidManifest.xml:26:5-19
MERGED from [com.google.android.gms:play-services-analytics-impl:11.4.0] AndroidManifest.xml:26:5-19
MERGED from [com.google.android.gms:play-services-appinvite:11.4.0] AndroidManifest.xml:19:5-26:19
MERGED from [com.google.android.gms:play-services-appinvite:11.4.0] AndroidManifest.xml:19:5-26:19
MERGED from [com.google.android.gms:play-services-auth:11.4.0] AndroidManifest.xml:19:5-25:19
MERGED from [com.google.android.gms:play-services-auth:11.4.0] AndroidManifest.xml:19:5-25:19
MERGED from [com.google.firebase:firebase-config:11.4.0] AndroidManifest.xml:18:5-19
MERGED from [com.google.firebase:firebase-config:11.4.0] AndroidManifest.xml:18:5-19
MERGED from [com.google.android.gms:play-services-awareness:11.4.0] AndroidManifest.xml:18:5-19
MERGED from [com.google.android.gms:play-services-awareness:11.4.0] AndroidManifest.xml:18:5-19
MERGED from [com.google.android.gms:play-services-games:11.4.0] AndroidManifest.xml:18:5-19
MERGED from [com.google.android.gms:play-services-games:11.4.0] AndroidManifest.xml:18:5-19
MERGED from [com.google.android.gms:play-services-drive:11.4.0] AndroidManifest.xml:18:5-19
MERGED from [com.google.android.gms:play-services-drive:11.4.0] AndroidManifest.xml:18:5-19
MERGED from [com.google.android.gms:play-services-fido:11.4.0] AndroidManifest.xml:5:3-6:17
MERGED from [com.google.android.gms:play-services-fido:11.4.0] AndroidManifest.xml:5:3-6:17
MERGED from [com.google.firebase:firebase-auth:11.4.0] AndroidManifest.xml:19:5-20:19
MERGED from [com.google.firebase:firebase-auth:11.4.0] AndroidManifest.xml:19:5-20:19
MERGED from [com.google.firebase:firebase-dynamic-links:11.4.0] AndroidManifest.xml:5:3-17
MERGED from [com.google.firebase:firebase-dynamic-links:11.4.0] AndroidManifest.xml:5:3-17
MERGED from [com.google.android.gms:play-services-fitness:11.4.0] AndroidManifest.xml:18:5-19
MERGED from [com.google.android.gms:play-services-fitness:11.4.0] AndroidManifest.xml:18:5-19
MERGED from [com.google.android.gms:play-services-gcm:11.4.0] AndroidManifest.xml:23:5-19
MERGED from [com.google.android.gms:play-services-gcm:11.4.0] AndroidManifest.xml:23:5-19
MERGED from [com.google.firebase:firebase-appindexing:11.4.0] AndroidManifest.xml:18:5-19
MERGED from [com.google.firebase:firebase-appindexing:11.4.0] AndroidManifest.xml:18:5-19
MERGED from [com.google.android.gms:play-services-identity:11.4.0] AndroidManifest.xml:18:5-19
MERGED from [com.google.android.gms:play-services-identity:11.4.0] AndroidManifest.xml:18:5-19
MERGED from [com.google.android.gms:play-services-iid:11.4.0] AndroidManifest.xml:23:5-19
MERGED from [com.google.android.gms:play-services-iid:11.4.0] AndroidManifest.xml:23:5-19
MERGED from [com.google.android.gms:play-services-location:11.4.0] AndroidManifest.xml:4:5-19
MERGED from [com.google.android.gms:play-services-location:11.4.0] AndroidManifest.xml:4:5-19
MERGED from [com.google.android.gms:play-services-places:11.4.0] AndroidManifest.xml:18:5-19
MERGED from [com.google.android.gms:play-services-places:11.4.0] AndroidManifest.xml:18:5-19
MERGED from [com.google.android.gms:play-services-maps:11.4.0] AndroidManifest.xml:24:5-19
MERGED from [com.google.android.gms:play-services-maps:11.4.0] AndroidManifest.xml:24:5-19
MERGED from [com.google.android.gms:play-services-nearby:11.4.0] AndroidManifest.xml:5:5-19
MERGED from [com.google.android.gms:play-services-nearby:11.4.0] AndroidManifest.xml:5:5-19
MERGED from [com.google.android.gms:play-services-panorama:11.4.0] AndroidManifest.xml:18:5-19
MERGED from [com.google.android.gms:play-services-panorama:11.4.0] AndroidManifest.xml:18:5-19
MERGED from [com.google.android.gms:play-services-plus:11.4.0] AndroidManifest.xml:18:5-19
MERGED from [com.google.android.gms:play-services-plus:11.4.0] AndroidManifest.xml:18:5-19
MERGED from [com.google.android.gms:play-services-safetynet:11.4.0] AndroidManifest.xml:18:5-19
MERGED from [com.google.android.gms:play-services-safetynet:11.4.0] AndroidManifest.xml:18:5-19
MERGED from [com.google.android.gms:play-services-vision:11.4.0] AndroidManifest.xml:4:5-19
MERGED from [com.google.android.gms:play-services-vision:11.4.0] AndroidManifest.xml:4:5-19
MERGED from [com.google.android.gms:play-services-vision-common:11.4.0] AndroidManifest.xml:4:5-19
MERGED from [com.google.android.gms:play-services-vision-common:11.4.0] AndroidManifest.xml:4:5-19
MERGED from [com.google.android.gms:play-services-wearable:11.4.0] AndroidManifest.xml:18:5-19
MERGED from [com.google.android.gms:play-services-wearable:11.4.0] AndroidManifest.xml:18:5-19
MERGED from [com.google.android.gms:play-services-base:11.4.0] AndroidManifest.xml:18:5-20:19
MERGED from [com.google.android.gms:play-services-base:11.4.0] AndroidManifest.xml:18:5-20:19
MERGED from [com.google.firebase:firebase-crash:11.4.0] AndroidManifest.xml:22:5-23:19
MERGED from [com.google.firebase:firebase-crash:11.4.0] AndroidManifest.xml:22:5-23:19
MERGED from [com.google.firebase:firebase-messaging:11.4.0] AndroidManifest.xml:19:5-29:19
MERGED from [com.google.firebase:firebase-messaging:11.4.0] AndroidManifest.xml:19:5-29:19
MERGED from [com.google.android.gms:play-services-tagmanager-api:11.4.0] AndroidManifest.xml:23:5-33:19
MERGED from [com.google.android.gms:play-services-tagmanager-api:11.4.0] AndroidManifest.xml:23:5-33:19
MERGED from [com.google.firebase:firebase-analytics:11.4.0] AndroidManifest.xml:24:5-34:19
MERGED from [com.google.firebase:firebase-analytics:11.4.0] AndroidManifest.xml:24:5-34:19
MERGED from [com.google.firebase:firebase-analytics-impl:11.4.0] AndroidManifest.xml:24:5-28:19
MERGED from [com.google.firebase:firebase-analytics-impl:11.4.0] AndroidManifest.xml:24:5-28:19
MERGED from [com.google.firebase:firebase-iid:11.4.0] AndroidManifest.xml:28:5-49:19
MERGED from [com.google.firebase:firebase-iid:11.4.0] AndroidManifest.xml:28:5-49:19
MERGED from [com.google.firebase:firebase-common:11.4.0] AndroidManifest.xml:4:5-7:19
MERGED from [com.google.firebase:firebase-common:11.4.0] AndroidManifest.xml:4:5-7:19
MERGED from [com.google.android.gms:play-services-gass:11.4.0] AndroidManifest.xml:4:5-19
MERGED from [com.google.android.gms:play-services-gass:11.4.0] AndroidManifest.xml:4:5-19
MERGED from [com.google.android.gms:play-services-tasks:11.4.0] AndroidManifest.xml:4:5-19
MERGED from [com.google.android.gms:play-services-tasks:11.4.0] AndroidManifest.xml:4:5-19
MERGED from [com.google.android.gms:play-services-basement:11.4.0] AndroidManifest.xml:19:5-21:19
MERGED from [com.google.android.gms:play-services-basement:11.4.0] AndroidManifest.xml:19:5-21:19
MERGED from [com.android.support:support-v4:26.1.0] AndroidManifest.xml:25:5-29:19
MERGED from [com.android.support:support-v4:26.1.0] AndroidManifest.xml:25:5-29:19
MERGED from [com.android.support:support-fragment:26.1.0] AndroidManifest.xml:25:5-29:19
MERGED from [com.android.support:support-fragment:26.1.0] AndroidManifest.xml:25:5-29:19
MERGED from [com.android.support:animated-vector-drawable:26.1.0] AndroidManifest.xml:22:5-26:19
MERGED from [com.android.support:animated-vector-drawable:26.1.0] AndroidManifest.xml:22:5-26:19
MERGED from [com.android.support:support-core-ui:26.1.0] AndroidManifest.xml:25:5-29:19
MERGED from [com.android.support:support-core-ui:26.1.0] AndroidManifest.xml:25:5-29:19
MERGED from [com.android.support:support-media-compat:26.1.0] AndroidManifest.xml:25:5-29:19
MERGED from [com.android.support:support-media-compat:26.1.0] AndroidManifest.xml:25:5-29:19
MERGED from [com.android.support:support-vector-drawable:26.1.0] AndroidManifest.xml:22:5-26:19
MERGED from [com.android.support:support-vector-drawable:26.1.0] AndroidManifest.xml:22:5-26:19
MERGED from [com.android.support:palette-v7:25.2.0] AndroidManifest.xml:22:5-23:19
MERGED from [com.android.support:palette-v7:25.2.0] AndroidManifest.xml:22:5-23:19
MERGED from [com.android.support:support-core-utils:26.1.0] AndroidManifest.xml:25:5-29:19
MERGED from [com.android.support:support-core-utils:26.1.0] AndroidManifest.xml:25:5-29:19
MERGED from [com.android.support:support-compat:26.1.0] AndroidManifest.xml:25:5-29:19
MERGED from [com.android.support:support-compat:26.1.0] AndroidManifest.xml:25:5-29:19
MERGED from [android.arch.lifecycle:runtime:1.0.0] AndroidManifest.xml:24:5-28:19
MERGED from [android.arch.lifecycle:runtime:1.0.0] AndroidManifest.xml:24:5-28:19
	android:supportsRtl
		ADDED from src\main\AndroidManifest.xml:12:9-35
	android:label
		ADDED from src\main\AndroidManifest.xml:10:9-41
	android:roundIcon
		ADDED from src\main\AndroidManifest.xml:11:9-54
	android:icon
		ADDED from src\main\AndroidManifest.xml:9:9-43
	android:allowBackup
		ADDED from src\main\AndroidManifest.xml:8:9-35
	android:theme
		ADDED from src\main\AndroidManifest.xml:13:9-40
activity#com.uai.tfi.domoticarg.HomeActivity
ADDED from src\main\AndroidManifest.xml:14:9-20:20
	android:name
		ADDED from src\main\AndroidManifest.xml:14:19-47
intent-filter#android.intent.action.MAIN+android.intent.category.LAUNCHER
ADDED from src\main\AndroidManifest.xml:15:13-19:29
action#android.intent.action.MAIN
ADDED from src\main\AndroidManifest.xml:16:17-69
	android:name
		ADDED from src\main\AndroidManifest.xml:16:25-66
category#android.intent.category.LAUNCHER
ADDED from src\main\AndroidManifest.xml:18:17-77
	android:name
		ADDED from src\main\AndroidManifest.xml:18:27-74
activity#com.uai.tfi.domoticarg.MainActivity
ADDED from src\main\AndroidManifest.xml:21:9-50
	android:name
		ADDED from src\main\AndroidManifest.xml:21:19-47
activity#com.uai.tfi.domoticarg.AboutActivity
ADDED from src\main\AndroidManifest.xml:22:9-51
	android:name
		ADDED from src\main\AndroidManifest.xml:22:19-48
activity#com.uai.tfi.domoticarg.OpcionesActivity
ADDED from src\main\AndroidManifest.xml:23:9-63
	android:name
		ADDED from src\main\AndroidManifest.xml:23:19-51
uses-sdk
INJECTED from src\main\AndroidManifest.xml reason: use-sdk injection requested
INJECTED from src\main\AndroidManifest.xml
INJECTED from src\main\AndroidManifest.xml
MERGED from [com.android.support:design:26.1.0] AndroidManifest.xml:21:5-23:62
MERGED from [com.android.support:design:26.1.0] AndroidManifest.xml:21:5-23:62
MERGED from [com.google.android.gms:play-services:11.4.0] AndroidManifest.xml:4:5-43
MERGED from [com.google.android.gms:play-services:11.4.0] AndroidManifest.xml:4:5-43
MERGED from [com.google.android.gms:play-services-cast-framework:11.4.0] AndroidManifest.xml:3:5-43
MERGED from [com.google.android.gms:play-services-cast-framework:11.4.0] AndroidManifest.xml:3:5-43
MERGED from [com.google.android.gms:play-services-cast:11.4.0] AndroidManifest.xml:17:5-43
MERGED from [com.google.android.gms:play-services-cast:11.4.0] AndroidManifest.xml:17:5-43
MERGED from [com.android.support:mediarouter-v7:25.2.0] AndroidManifest.xml:20:5-43
MERGED from [com.android.support:mediarouter-v7:25.2.0] AndroidManifest.xml:20:5-43
MERGED from [com.android.support:appcompat-v7:26.1.0] AndroidManifest.xml:21:5-23:78
MERGED from [com.android.support:appcompat-v7:26.1.0] AndroidManifest.xml:21:5-23:78
MERGED from [com.android.support.constraint:constraint-layout:1.0.2] AndroidManifest.xml:5:5-7:41
MERGED from [com.android.support.constraint:constraint-layout:1.0.2] AndroidManifest.xml:5:5-7:41
MERGED from [com.google.firebase:firebase-core:11.4.0] AndroidManifest.xml:4:5-43
MERGED from [com.google.firebase:firebase-core:11.4.0] AndroidManifest.xml:4:5-43
MERGED from [com.google.firebase:firebase-database:11.4.0] AndroidManifest.xml:3:5-43
MERGED from [com.google.firebase:firebase-database:11.4.0] AndroidManifest.xml:3:5-43
MERGED from [com.android.support:multidex:1.0.2] AndroidManifest.xml:20:5-43
MERGED from [com.android.support:multidex:1.0.2] AndroidManifest.xml:20:5-43
MERGED from [com.android.support:recyclerview-v7:26.1.0] AndroidManifest.xml:20:5-44
MERGED from [com.android.support:recyclerview-v7:26.1.0] AndroidManifest.xml:20:5-44
MERGED from [com.android.support:transition:26.1.0] AndroidManifest.xml:20:5-44
MERGED from [com.android.support:transition:26.1.0] AndroidManifest.xml:20:5-44
MERGED from [com.google.android.gms:play-services-ads:11.4.0] AndroidManifest.xml:17:5-94
MERGED from [com.google.android.gms:play-services-ads:11.4.0] AndroidManifest.xml:17:5-94
MERGED from [com.google.android.gms:play-services-ads-lite:11.4.0] AndroidManifest.xml:22:5-43
MERGED from [com.google.android.gms:play-services-ads-lite:11.4.0] AndroidManifest.xml:22:5-43
MERGED from [com.google.android.gms:play-services-analytics:11.4.0] AndroidManifest.xml:17:5-43
MERGED from [com.google.android.gms:play-services-analytics:11.4.0] AndroidManifest.xml:17:5-43
MERGED from [com.google.android.gms:play-services-tagmanager:11.4.0] AndroidManifest.xml:17:5-43
MERGED from [com.google.android.gms:play-services-tagmanager:11.4.0] AndroidManifest.xml:17:5-43
MERGED from [com.google.android.gms:play-services-tagmanager-v4-impl:11.4.0] AndroidManifest.xml:17:5-43
MERGED from [com.google.android.gms:play-services-tagmanager-v4-impl:11.4.0] AndroidManifest.xml:17:5-43
MERGED from [com.google.android.gms:play-services-analytics-impl:11.4.0] AndroidManifest.xml:17:5-43
MERGED from [com.google.android.gms:play-services-analytics-impl:11.4.0] AndroidManifest.xml:17:5-43
MERGED from [com.google.android.gms:play-services-appinvite:11.4.0] AndroidManifest.xml:17:5-43
MERGED from [com.google.android.gms:play-services-appinvite:11.4.0] AndroidManifest.xml:17:5-43
MERGED from [com.google.android.gms:play-services-auth:11.4.0] AndroidManifest.xml:17:5-43
MERGED from [com.google.android.gms:play-services-auth:11.4.0] AndroidManifest.xml:17:5-43
MERGED from [com.google.android.gms:play-services-auth-api-phone:11.4.0] AndroidManifest.xml:3:3-41
MERGED from [com.google.android.gms:play-services-auth-api-phone:11.4.0] AndroidManifest.xml:3:3-41
MERGED from [com.google.android.gms:play-services-auth-base:11.4.0] AndroidManifest.xml:4:5-43
MERGED from [com.google.android.gms:play-services-auth-base:11.4.0] AndroidManifest.xml:4:5-43
MERGED from [com.google.firebase:firebase-config:11.4.0] AndroidManifest.xml:17:5-43
MERGED from [com.google.firebase:firebase-config:11.4.0] AndroidManifest.xml:17:5-43
MERGED from [com.google.android.gms:play-services-awareness:11.4.0] AndroidManifest.xml:17:5-43
MERGED from [com.google.android.gms:play-services-awareness:11.4.0] AndroidManifest.xml:17:5-43
MERGED from [com.google.android.gms:play-services-games:11.4.0] AndroidManifest.xml:17:5-43
MERGED from [com.google.android.gms:play-services-games:11.4.0] AndroidManifest.xml:17:5-43
MERGED from [com.google.android.gms:play-services-drive:11.4.0] AndroidManifest.xml:17:5-43
MERGED from [com.google.android.gms:play-services-drive:11.4.0] AndroidManifest.xml:17:5-43
MERGED from [com.google.android.gms:play-services-fido:11.4.0] AndroidManifest.xml:4:3-41
MERGED from [com.google.android.gms:play-services-fido:11.4.0] AndroidManifest.xml:4:3-41
MERGED from [com.google.firebase:firebase-auth:11.4.0] AndroidManifest.xml:17:5-43
MERGED from [com.google.firebase:firebase-auth:11.4.0] AndroidManifest.xml:17:5-43
MERGED from [com.google.firebase:firebase-dynamic-links:11.4.0] AndroidManifest.xml:3:3-41
MERGED from [com.google.firebase:firebase-dynamic-links:11.4.0] AndroidManifest.xml:3:3-41
MERGED from [com.google.android.gms:play-services-fitness:11.4.0] AndroidManifest.xml:17:5-43
MERGED from [com.google.android.gms:play-services-fitness:11.4.0] AndroidManifest.xml:17:5-43
MERGED from [com.google.android.gms:play-services-gcm:11.4.0] AndroidManifest.xml:17:5-43
MERGED from [com.google.android.gms:play-services-gcm:11.4.0] AndroidManifest.xml:17:5-43
MERGED from [com.google.firebase:firebase-appindexing:11.4.0] AndroidManifest.xml:17:5-43
MERGED from [com.google.firebase:firebase-appindexing:11.4.0] AndroidManifest.xml:17:5-43
MERGED from [com.google.android.gms:play-services-wallet:11.4.0] AndroidManifest.xml:18:5-43
MERGED from [com.google.android.gms:play-services-wallet:11.4.0] AndroidManifest.xml:18:5-43
MERGED from [com.google.android.gms:play-services-identity:11.4.0] AndroidManifest.xml:17:5-43
MERGED from [com.google.android.gms:play-services-identity:11.4.0] AndroidManifest.xml:17:5-43
MERGED from [com.google.android.gms:play-services-iid:11.4.0] AndroidManifest.xml:17:5-43
MERGED from [com.google.android.gms:play-services-iid:11.4.0] AndroidManifest.xml:17:5-43
MERGED from [com.google.android.gms:play-services-instantapps:11.4.0] AndroidManifest.xml:3:5-43
MERGED from [com.google.android.gms:play-services-instantapps:11.4.0] AndroidManifest.xml:3:5-43
MERGED from [com.google.android.gms:play-services-location:11.4.0] AndroidManifest.xml:3:5-43
MERGED from [com.google.android.gms:play-services-location:11.4.0] AndroidManifest.xml:3:5-43
MERGED from [com.google.android.gms:play-services-places:11.4.0] AndroidManifest.xml:17:5-43
MERGED from [com.google.android.gms:play-services-places:11.4.0] AndroidManifest.xml:17:5-43
MERGED from [com.google.android.gms:play-services-maps:11.4.0] AndroidManifest.xml:23:5-43
MERGED from [com.google.android.gms:play-services-maps:11.4.0] AndroidManifest.xml:23:5-43
MERGED from [com.google.android.gms:play-services-nearby:11.4.0] AndroidManifest.xml:3:5-43
MERGED from [com.google.android.gms:play-services-nearby:11.4.0] AndroidManifest.xml:3:5-43
MERGED from [com.google.android.gms:play-services-panorama:11.4.0] AndroidManifest.xml:17:5-43
MERGED from [com.google.android.gms:play-services-panorama:11.4.0] AndroidManifest.xml:17:5-43
MERGED from [com.google.android.gms:play-services-plus:11.4.0] AndroidManifest.xml:17:5-43
MERGED from [com.google.android.gms:play-services-plus:11.4.0] AndroidManifest.xml:17:5-43
MERGED from [com.google.android.gms:play-services-safetynet:11.4.0] AndroidManifest.xml:17:5-43
MERGED from [com.google.android.gms:play-services-safetynet:11.4.0] AndroidManifest.xml:17:5-43
MERGED from [com.google.android.gms:play-services-vision:11.4.0] AndroidManifest.xml:3:5-43
MERGED from [com.google.android.gms:play-services-vision:11.4.0] AndroidManifest.xml:3:5-43
MERGED from [com.google.android.gms:play-services-vision-common:11.4.0] AndroidManifest.xml:3:5-43
MERGED from [com.google.android.gms:play-services-vision-common:11.4.0] AndroidManifest.xml:3:5-43
MERGED from [com.google.android.gms:play-services-wearable:11.4.0] AndroidManifest.xml:17:5-43
MERGED from [com.google.android.gms:play-services-wearable:11.4.0] AndroidManifest.xml:17:5-43
MERGED from [com.google.android.gms:play-services-base:11.4.0] AndroidManifest.xml:17:5-43
MERGED from [com.google.android.gms:play-services-base:11.4.0] AndroidManifest.xml:17:5-43
MERGED from [com.google.firebase:firebase-crash:11.4.0] AndroidManifest.xml:20:5-43
MERGED from [com.google.firebase:firebase-crash:11.4.0] AndroidManifest.xml:20:5-43
MERGED from [com.google.firebase:firebase-database-connection:11.4.0] AndroidManifest.xml:3:5-43
MERGED from [com.google.firebase:firebase-database-connection:11.4.0] AndroidManifest.xml:3:5-43
MERGED from [com.google.firebase:firebase-messaging:11.4.0] AndroidManifest.xml:17:5-43
MERGED from [com.google.firebase:firebase-messaging:11.4.0] AndroidManifest.xml:17:5-43
MERGED from [com.google.android.gms:play-services-tagmanager-api:11.4.0] AndroidManifest.xml:17:5-43
MERGED from [com.google.android.gms:play-services-tagmanager-api:11.4.0] AndroidManifest.xml:17:5-43
MERGED from [com.google.firebase:firebase-analytics:11.4.0] AndroidManifest.xml:17:5-43
MERGED from [com.google.firebase:firebase-analytics:11.4.0] AndroidManifest.xml:17:5-43
MERGED from [com.google.firebase:firebase-analytics-impl:11.4.0] AndroidManifest.xml:17:5-43
MERGED from [com.google.firebase:firebase-analytics-impl:11.4.0] AndroidManifest.xml:17:5-43
MERGED from [com.google.firebase:firebase-iid:11.4.0] AndroidManifest.xml:17:5-43